<?xml version="1.0" encoding="UTF-8"?>
<!-- Generated by org.testng.reporters.JUnitReportReporter -->
<testsuite hostname="Pappus-Air.lan" failures="0" tests="7" name="Com.SauceDemo.Runner.RunnerClass1" time="71.780" errors="0" timestamp="22 Nov 2022 20:18:49 GMT" skipped="0">
  <testcase classname="Com.SauceDemo.Runner.RunnerClass1" name="runScenario" time="9.834"/>
  <testcase classname="Com.SauceDemo.Runner.RunnerClass1" name="runScenario" time="9.501"/>
  <testcase classname="Com.SauceDemo.Runner.RunnerClass1" name="runScenario" time="9.682"/>
  <testcase classname="Com.SauceDemo.Runner.RunnerClass1" name="runScenario" time="13.491"/>
  <testcase classname="Com.SauceDemo.Runner.RunnerClass1" name="runScenario" time="9.677"/>
  <testcase classname="Com.SauceDemo.Runner.RunnerClass1" name="runScenario" time="9.748"/>
  <testcase classname="Com.SauceDemo.Runner.RunnerClass1" name="runScenario" time="9.847"/>
</testsuite> <!-- Com.SauceDemo.Runner.RunnerClass1 -->
