<?xml version="1.0" encoding="UTF-8"?>
<!-- Generated by org.testng.reporters.JUnitReportReporter -->
<testsuite hostname="Pappus-Air.attlocal.net" failures="0" tests="7" name="Com.SauceDemo.Runner.RunnerClass" time="0.254" errors="0" timestamp="01 Nov 2022 03:03:37 GMT" skipped="0">
  <testcase classname="Com.SauceDemo.Runner.RunnerClass" name="runScenario" time="0.026"/>
  <testcase classname="Com.SauceDemo.Runner.RunnerClass" name="runScenario" time="0.007"/>
  <testcase classname="Com.SauceDemo.Runner.RunnerClass" name="runScenario" time="0.026"/>
  <testcase classname="Com.SauceDemo.Runner.RunnerClass" name="runScenario" time="0.014"/>
  <testcase classname="Com.SauceDemo.Runner.RunnerClass" name="runScenario" time="0.147"/>
  <testcase classname="Com.SauceDemo.Runner.RunnerClass" name="runScenario" time="0.017"/>
  <testcase classname="Com.SauceDemo.Runner.RunnerClass" name="runScenario" time="0.017"/>
</testsuite> <!-- Com.SauceDemo.Runner.RunnerClass -->
