<?xml version="1.0" encoding="UTF-8"?>
<!-- Generated by org.testng.reporters.JUnitReportReporter -->
<testsuite hostname="Pappus-MacBook-Air.local" failures="0" tests="7" name="Com.SauceDemo.Runner.RunnerClass" time="0.229" errors="0" timestamp="28 Oct 2022 00:12:40 GMT" skipped="0">
  <testcase classname="Com.SauceDemo.Runner.RunnerClass" name="runScenario" time="0.009"/>
  <testcase classname="Com.SauceDemo.Runner.RunnerClass" name="runScenario" time="0.015"/>
  <testcase classname="Com.SauceDemo.Runner.RunnerClass" name="runScenario" time="0.023"/>
  <testcase classname="Com.SauceDemo.Runner.RunnerClass" name="runScenario" time="0.010"/>
  <testcase classname="Com.SauceDemo.Runner.RunnerClass" name="runScenario" time="0.016"/>
  <testcase classname="Com.SauceDemo.Runner.RunnerClass" name="runScenario" time="0.130"/>
  <testcase classname="Com.SauceDemo.Runner.RunnerClass" name="runScenario" time="0.026"/>
</testsuite> <!-- Com.SauceDemo.Runner.RunnerClass -->
